CDP relay server started
Host: 127.0.0.1
Port: 19988
Extension endpoint: ws://127.0.0.1:19988/extension
CDP endpoint: ws://127.0.0.1:19988/cdp
Extension connected with clean state
← Extension: Target.attachedToTarget targetId=37BE179F93AF8207BD1E2372B9C515BA, sessionId=pw-tab-1
→ Playwright [ALL]: Target.attachedToTarget targetId=37BE179F93AF8207BD1E2372B9C515BA, sessionId=pw-tab-1
← Extension: Target.attachedToTarget targetId=E3E15D82C13B4A15D3CF71E44B260036, sessionId=pw-tab-2
→ Playwright [ALL]: Target.attachedToTarget targetId=E3E15D82C13B4A15D3CF71E44B260036, sessionId=pw-tab-2
← Extension: Target.attachedToTarget targetId=16E435409CFBF47529751B04E9F9021D, sessionId=pw-tab-3
→ Playwright [ALL]: Target.attachedToTarget targetId=16E435409CFBF47529751B04E9F9021D, sessionId=pw-tab-3
Playwright client connected: E3E15D82C13B4A15D3CF71E44B260036 (1 total)
← Playwright [E3E15D82C13B4A15D3CF71E44B260036]: Browser.getVersion id=1
← Playwright [E3E15D82C13B4A15D3CF71E44B260036]: Target.setAutoAttach id=2
→ Playwright [E3E15D82C13B4A15D3CF71E44B260036]: Target.attachedToTarget targetId=37BE179F93AF8207BD1E2372B9C515BA, sessionId=pw-tab-1 (server-generated)
→ Playwright [E3E15D82C13B4A15D3CF71E44B260036]: Target.attachedToTarget targetId=E3E15D82C13B4A15D3CF71E44B260036, sessionId=pw-tab-2 (server-generated)
→ Playwright [E3E15D82C13B4A15D3CF71E44B260036]: Target.attachedToTarget targetId=16E435409CFBF47529751B04E9F9021D, sessionId=pw-tab-3 (server-generated)
← Playwright [E3E15D82C13B4A15D3CF71E44B260036]: Browser.setDownloadBehavior id=3
← Playwright [E3E15D82C13B4A15D3CF71E44B260036]: Page.enable id=4, sessionId=pw-tab-1
← Playwright [E3E15D82C13B4A15D3CF71E44B260036]: Page.getFrameTree id=5, sessionId=pw-tab-1
← Playwright [E3E15D82C13B4A15D3CF71E44B260036]: Log.enable id=6, sessionId=pw-tab-1
← Playwright [E3E15D82C13B4A15D3CF71E44B260036]: Page.setLifecycleEventsEnabled id=7, sessionId=pw-tab-1
← Playwright [E3E15D82C13B4A15D3CF71E44B260036]: Runtime.enable id=8, sessionId=pw-tab-1
← Playwright [E3E15D82C13B4A15D3CF71E44B260036]: Page.addScriptToEvaluateOnNewDocument id=9, sessionId=pw-tab-1
← Playwright [E3E15D82C13B4A15D3CF71E44B260036]: Network.enable id=10, sessionId=pw-tab-1
← Playwright [E3E15D82C13B4A15D3CF71E44B260036]: Target.setAutoAttach id=11, sessionId=pw-tab-1
← Playwright [E3E15D82C13B4A15D3CF71E44B260036]: Emulation.setFocusEmulationEnabled id=12, sessionId=pw-tab-1
← Playwright [E3E15D82C13B4A15D3CF71E44B260036]: Emulation.setEmulatedMedia id=13, sessionId=pw-tab-1
← Playwright [E3E15D82C13B4A15D3CF71E44B260036]: Runtime.runIfWaitingForDebugger id=14, sessionId=pw-tab-1
← Playwright [E3E15D82C13B4A15D3CF71E44B260036]: Page.enable id=15, sessionId=pw-tab-2
← Playwright [E3E15D82C13B4A15D3CF71E44B260036]: Page.getFrameTree id=16, sessionId=pw-tab-2
← Playwright [E3E15D82C13B4A15D3CF71E44B260036]: Log.enable id=17, sessionId=pw-tab-2
← Playwright [E3E15D82C13B4A15D3CF71E44B260036]: Page.setLifecycleEventsEnabled id=18, sessionId=pw-tab-2
← Playwright [E3E15D82C13B4A15D3CF71E44B260036]: Runtime.enable id=19, sessionId=pw-tab-2
← Playwright [E3E15D82C13B4A15D3CF71E44B260036]: Page.addScriptToEvaluateOnNewDocument id=20, sessionId=pw-tab-2
← Playwright [E3E15D82C13B4A15D3CF71E44B260036]: Network.enable id=21, sessionId=pw-tab-2
← Playwright [E3E15D82C13B4A15D3CF71E44B260036]: Target.setAutoAttach id=22, sessionId=pw-tab-2
← Playwright [E3E15D82C13B4A15D3CF71E44B260036]: Emulation.setFocusEmulationEnabled id=23, sessionId=pw-tab-2
← Playwright [E3E15D82C13B4A15D3CF71E44B260036]: Emulation.setEmulatedMedia id=24, sessionId=pw-tab-2
← Playwright [E3E15D82C13B4A15D3CF71E44B260036]: Runtime.runIfWaitingForDebugger id=25, sessionId=pw-tab-2
← Playwright [E3E15D82C13B4A15D3CF71E44B260036]: Page.enable id=26, sessionId=pw-tab-3
← Playwright [E3E15D82C13B4A15D3CF71E44B260036]: Page.getFrameTree id=27, sessionId=pw-tab-3
← Playwright [E3E15D82C13B4A15D3CF71E44B260036]: Log.enable id=28, sessionId=pw-tab-3
← Playwright [E3E15D82C13B4A15D3CF71E44B260036]: Page.setLifecycleEventsEnabled id=29, sessionId=pw-tab-3
← Playwright [E3E15D82C13B4A15D3CF71E44B260036]: Runtime.enable id=30, sessionId=pw-tab-3
← Playwright [E3E15D82C13B4A15D3CF71E44B260036]: Page.addScriptToEvaluateOnNewDocument id=31, sessionId=pw-tab-3
← Playwright [E3E15D82C13B4A15D3CF71E44B260036]: Network.enable id=32, sessionId=pw-tab-3
← Playwright [E3E15D82C13B4A15D3CF71E44B260036]: Target.setAutoAttach id=33, sessionId=pw-tab-3
← Playwright [E3E15D82C13B4A15D3CF71E44B260036]: Emulation.setFocusEmulationEnabled id=34, sessionId=pw-tab-3
← Playwright [E3E15D82C13B4A15D3CF71E44B260036]: Emulation.setEmulatedMedia id=35, sessionId=pw-tab-3
← Playwright [E3E15D82C13B4A15D3CF71E44B260036]: Runtime.runIfWaitingForDebugger id=36, sessionId=pw-tab-3
← Playwright [E3E15D82C13B4A15D3CF71E44B260036]: Target.getTargetInfo id=37
← Extension: Page.lifecycleEvent sessionId=pw-tab-1
→ Playwright [ALL]: Page.lifecycleEvent sessionId=pw-tab-1
← Extension: Page.lifecycleEvent sessionId=pw-tab-1
→ Playwright [ALL]: Page.lifecycleEvent sessionId=pw-tab-1
← Extension: Page.lifecycleEvent sessionId=pw-tab-1
→ Playwright [ALL]: Page.lifecycleEvent sessionId=pw-tab-1
← Extension: Page.lifecycleEvent sessionId=pw-tab-1
→ Playwright [ALL]: Page.lifecycleEvent sessionId=pw-tab-1
← Extension: Page.lifecycleEvent sessionId=pw-tab-1
→ Playwright [ALL]: Page.lifecycleEvent sessionId=pw-tab-1
← Extension: Runtime.executionContextCreated sessionId=pw-tab-1
→ Playwright [ALL]: Runtime.executionContextCreated sessionId=pw-tab-1
← Extension: Runtime.executionContextCreated sessionId=pw-tab-1
→ Playwright [ALL]: Runtime.executionContextCreated sessionId=pw-tab-1
← Extension: Log.entryAdded sessionId=pw-tab-2
→ Playwright [ALL]: Log.entryAdded sessionId=pw-tab-2
← Extension: Page.lifecycleEvent sessionId=pw-tab-2
→ Playwright [ALL]: Page.lifecycleEvent sessionId=pw-tab-2
← Extension: Page.lifecycleEvent sessionId=pw-tab-2
→ Playwright [ALL]: Page.lifecycleEvent sessionId=pw-tab-2
← Extension: Page.lifecycleEvent sessionId=pw-tab-2
→ Playwright [ALL]: Page.lifecycleEvent sessionId=pw-tab-2
← Extension: Page.lifecycleEvent sessionId=pw-tab-2
→ Playwright [ALL]: Page.lifecycleEvent sessionId=pw-tab-2
← Extension: Page.lifecycleEvent sessionId=pw-tab-2
→ Playwright [ALL]: Page.lifecycleEvent sessionId=pw-tab-2
← Extension: Runtime.executionContextCreated sessionId=pw-tab-2
→ Playwright [ALL]: Runtime.executionContextCreated sessionId=pw-tab-2
← Extension: Runtime.executionContextCreated sessionId=pw-tab-2
→ Playwright [ALL]: Runtime.executionContextCreated sessionId=pw-tab-2
← Extension: Runtime.executionContextCreated sessionId=pw-tab-2
→ Playwright [ALL]: Runtime.executionContextCreated sessionId=pw-tab-2
← Extension: Page.lifecycleEvent sessionId=pw-tab-3
→ Playwright [ALL]: Page.lifecycleEvent sessionId=pw-tab-3
← Extension: Page.lifecycleEvent sessionId=pw-tab-3
→ Playwright [ALL]: Page.lifecycleEvent sessionId=pw-tab-3
← Extension: Page.lifecycleEvent sessionId=pw-tab-3
→ Playwright [ALL]: Page.lifecycleEvent sessionId=pw-tab-3
← Extension: Page.lifecycleEvent sessionId=pw-tab-3
→ Playwright [ALL]: Page.lifecycleEvent sessionId=pw-tab-3
← Extension: Page.lifecycleEvent sessionId=pw-tab-3
→ Playwright [ALL]: Page.lifecycleEvent sessionId=pw-tab-3
← Extension: Runtime.executionContextCreated sessionId=pw-tab-3
→ Playwright [ALL]: Runtime.executionContextCreated sessionId=pw-tab-3
← Extension: Runtime.executionContextCreated sessionId=pw-tab-3
→ Playwright [ALL]: Runtime.executionContextCreated sessionId=pw-tab-3
← Playwright [E3E15D82C13B4A15D3CF71E44B260036]: Page.createIsolatedWorld id=38, sessionId=pw-tab-1
← Playwright [E3E15D82C13B4A15D3CF71E44B260036]: Page.createIsolatedWorld id=39, sessionId=pw-tab-2
← Playwright [E3E15D82C13B4A15D3CF71E44B260036]: Page.createIsolatedWorld id=40, sessionId=pw-tab-3
Playwright client connected: 16E435409CFBF47529751B04E9F9021D (2 total)
← Extension: Runtime.executionContextCreated sessionId=pw-tab-1
→ Playwright [ALL]: Runtime.executionContextCreated sessionId=pw-tab-1
← Extension: Runtime.executionContextCreated sessionId=pw-tab-2
→ Playwright [ALL]: Runtime.executionContextCreated sessionId=pw-tab-2
← Extension: Runtime.executionContextCreated sessionId=pw-tab-3
→ Playwright [ALL]: Runtime.executionContextCreated sessionId=pw-tab-3
← Playwright [16E435409CFBF47529751B04E9F9021D]: Browser.getVersion id=1
← Playwright [16E435409CFBF47529751B04E9F9021D]: Target.setAutoAttach id=2
→ Playwright [16E435409CFBF47529751B04E9F9021D]: Target.attachedToTarget targetId=37BE179F93AF8207BD1E2372B9C515BA, sessionId=pw-tab-1 (server-generated)
→ Playwright [16E435409CFBF47529751B04E9F9021D]: Target.attachedToTarget targetId=E3E15D82C13B4A15D3CF71E44B260036, sessionId=pw-tab-2 (server-generated)
→ Playwright [16E435409CFBF47529751B04E9F9021D]: Target.attachedToTarget targetId=16E435409CFBF47529751B04E9F9021D, sessionId=pw-tab-3 (server-generated)
← Playwright [16E435409CFBF47529751B04E9F9021D]: Browser.setDownloadBehavior id=3
← Playwright [16E435409CFBF47529751B04E9F9021D]: Page.enable id=4, sessionId=pw-tab-1
← Playwright [16E435409CFBF47529751B04E9F9021D]: Page.getFrameTree id=5, sessionId=pw-tab-1
← Playwright [16E435409CFBF47529751B04E9F9021D]: Log.enable id=6, sessionId=pw-tab-1
← Playwright [16E435409CFBF47529751B04E9F9021D]: Page.setLifecycleEventsEnabled id=7, sessionId=pw-tab-1
← Playwright [16E435409CFBF47529751B04E9F9021D]: Runtime.enable id=8, sessionId=pw-tab-1
← Playwright [16E435409CFBF47529751B04E9F9021D]: Page.addScriptToEvaluateOnNewDocument id=9, sessionId=pw-tab-1
← Playwright [16E435409CFBF47529751B04E9F9021D]: Network.enable id=10, sessionId=pw-tab-1
← Playwright [16E435409CFBF47529751B04E9F9021D]: Target.setAutoAttach id=11, sessionId=pw-tab-1
← Playwright [16E435409CFBF47529751B04E9F9021D]: Emulation.setFocusEmulationEnabled id=12, sessionId=pw-tab-1
← Playwright [16E435409CFBF47529751B04E9F9021D]: Emulation.setEmulatedMedia id=13, sessionId=pw-tab-1
← Playwright [16E435409CFBF47529751B04E9F9021D]: Runtime.runIfWaitingForDebugger id=14, sessionId=pw-tab-1
← Playwright [16E435409CFBF47529751B04E9F9021D]: Page.enable id=15, sessionId=pw-tab-2
← Playwright [16E435409CFBF47529751B04E9F9021D]: Page.getFrameTree id=16, sessionId=pw-tab-2
← Playwright [16E435409CFBF47529751B04E9F9021D]: Log.enable id=17, sessionId=pw-tab-2
← Playwright [16E435409CFBF47529751B04E9F9021D]: Page.setLifecycleEventsEnabled id=18, sessionId=pw-tab-2
← Extension: Page.lifecycleEvent sessionId=pw-tab-1
→ Playwright [ALL]: Page.lifecycleEvent sessionId=pw-tab-1
← Extension: Page.lifecycleEvent sessionId=pw-tab-1
→ Playwright [ALL]: Page.lifecycleEvent sessionId=pw-tab-1
← Playwright [16E435409CFBF47529751B04E9F9021D]: Runtime.enable id=19, sessionId=pw-tab-2
← Playwright [16E435409CFBF47529751B04E9F9021D]: Page.addScriptToEvaluateOnNewDocument id=20, sessionId=pw-tab-2
← Playwright [16E435409CFBF47529751B04E9F9021D]: Network.enable id=21, sessionId=pw-tab-2
← Playwright [16E435409CFBF47529751B04E9F9021D]: Target.setAutoAttach id=22, sessionId=pw-tab-2
← Playwright [16E435409CFBF47529751B04E9F9021D]: Emulation.setFocusEmulationEnabled id=23, sessionId=pw-tab-2
← Playwright [16E435409CFBF47529751B04E9F9021D]: Emulation.setEmulatedMedia id=24, sessionId=pw-tab-2
← Playwright [16E435409CFBF47529751B04E9F9021D]: Runtime.runIfWaitingForDebugger id=25, sessionId=pw-tab-2
← Playwright [16E435409CFBF47529751B04E9F9021D]: Page.enable id=26, sessionId=pw-tab-3
← Playwright [16E435409CFBF47529751B04E9F9021D]: Page.getFrameTree id=27, sessionId=pw-tab-3
← Playwright [16E435409CFBF47529751B04E9F9021D]: Log.enable id=28, sessionId=pw-tab-3
← Playwright [16E435409CFBF47529751B04E9F9021D]: Page.setLifecycleEventsEnabled id=29, sessionId=pw-tab-3
← Playwright [16E435409CFBF47529751B04E9F9021D]: Runtime.enable id=30, sessionId=pw-tab-3
← Playwright [16E435409CFBF47529751B04E9F9021D]: Page.addScriptToEvaluateOnNewDocument id=31, sessionId=pw-tab-3
← Playwright [16E435409CFBF47529751B04E9F9021D]: Network.enable id=32, sessionId=pw-tab-3
← Playwright [16E435409CFBF47529751B04E9F9021D]: Target.setAutoAttach id=33, sessionId=pw-tab-3
← Playwright [16E435409CFBF47529751B04E9F9021D]: Emulation.setFocusEmulationEnabled id=34, sessionId=pw-tab-3
← Extension: Page.lifecycleEvent sessionId=pw-tab-1
→ Playwright [ALL]: Page.lifecycleEvent sessionId=pw-tab-1
← Extension: Page.lifecycleEvent sessionId=pw-tab-1
→ Playwright [ALL]: Page.lifecycleEvent sessionId=pw-tab-1
← Extension: Runtime.executionContextCreated sessionId=pw-tab-1
→ Playwright [ALL]: Runtime.executionContextCreated sessionId=pw-tab-1
← Extension: Runtime.executionContextCreated sessionId=pw-tab-1
→ Playwright [ALL]: Runtime.executionContextCreated sessionId=pw-tab-1
← Extension: Runtime.executionContextCreated sessionId=pw-tab-1
→ Playwright [ALL]: Runtime.executionContextCreated sessionId=pw-tab-1
← Extension: Page.lifecycleEvent sessionId=pw-tab-1
→ Playwright [ALL]: Page.lifecycleEvent sessionId=pw-tab-1
← Extension: Page.lifecycleEvent sessionId=pw-tab-2
→ Playwright [ALL]: Page.lifecycleEvent sessionId=pw-tab-2
← Extension: Page.lifecycleEvent sessionId=pw-tab-2
→ Playwright [ALL]: Page.lifecycleEvent sessionId=pw-tab-2
← Extension: Page.lifecycleEvent sessionId=pw-tab-2
→ Playwright [ALL]: Page.lifecycleEvent sessionId=pw-tab-2
← Extension: Page.lifecycleEvent sessionId=pw-tab-2
→ Playwright [ALL]: Page.lifecycleEvent sessionId=pw-tab-2
← Playwright [16E435409CFBF47529751B04E9F9021D]: Emulation.setEmulatedMedia id=35, sessionId=pw-tab-3
← Playwright [16E435409CFBF47529751B04E9F9021D]: Runtime.runIfWaitingForDebugger id=36, sessionId=pw-tab-3
← Playwright [16E435409CFBF47529751B04E9F9021D]: Target.getTargetInfo id=37
← Playwright [16E435409CFBF47529751B04E9F9021D]: Page.createIsolatedWorld id=38, sessionId=pw-tab-1
← Extension: Page.lifecycleEvent sessionId=pw-tab-2
→ Playwright [ALL]: Page.lifecycleEvent sessionId=pw-tab-2
← Extension: Runtime.executionContextCreated sessionId=pw-tab-2
→ Playwright [ALL]: Runtime.executionContextCreated sessionId=pw-tab-2
← Extension: Runtime.executionContextCreated sessionId=pw-tab-2
→ Playwright [ALL]: Runtime.executionContextCreated sessionId=pw-tab-2
← Extension: Runtime.executionContextCreated sessionId=pw-tab-2
→ Playwright [ALL]: Runtime.executionContextCreated sessionId=pw-tab-2
← Extension: Page.lifecycleEvent sessionId=pw-tab-3
→ Playwright [ALL]: Page.lifecycleEvent sessionId=pw-tab-3
← Extension: Runtime.executionContextCreated sessionId=pw-tab-3
→ Playwright [ALL]: Runtime.executionContextCreated sessionId=pw-tab-3
← Extension: Runtime.executionContextCreated sessionId=pw-tab-3
→ Playwright [ALL]: Runtime.executionContextCreated sessionId=pw-tab-3
← Extension: Runtime.executionContextCreated sessionId=pw-tab-3
→ Playwright [ALL]: Runtime.executionContextCreated sessionId=pw-tab-3
← Playwright [16E435409CFBF47529751B04E9F9021D]: Page.createIsolatedWorld id=39, sessionId=pw-tab-2
← Extension: Page.lifecycleEvent sessionId=pw-tab-3
→ Playwright [ALL]: Page.lifecycleEvent sessionId=pw-tab-3
← Extension: Page.lifecycleEvent sessionId=pw-tab-3
→ Playwright [ALL]: Page.lifecycleEvent sessionId=pw-tab-3
← Extension: Page.lifecycleEvent sessionId=pw-tab-3
→ Playwright [ALL]: Page.lifecycleEvent sessionId=pw-tab-3
← Extension: Page.lifecycleEvent sessionId=pw-tab-3
→ Playwright [ALL]: Page.lifecycleEvent sessionId=pw-tab-3
← Extension: Runtime.executionContextCreated sessionId=pw-tab-1
→ Playwright [ALL]: Runtime.executionContextCreated sessionId=pw-tab-1
← Playwright [16E435409CFBF47529751B04E9F9021D]: Page.createIsolatedWorld id=40, sessionId=pw-tab-3
← Extension: Runtime.executionContextCreated sessionId=pw-tab-2
→ Playwright [ALL]: Runtime.executionContextCreated sessionId=pw-tab-2
← Extension: Runtime.executionContextCreated sessionId=pw-tab-3
→ Playwright [ALL]: Runtime.executionContextCreated sessionId=pw-tab-3
← Playwright [E3E15D82C13B4A15D3CF71E44B260036]: Runtime.evaluate id=41, sessionId=pw-tab-1
← Playwright [E3E15D82C13B4A15D3CF71E44B260036]: Runtime.callFunctionOn id=42, sessionId=pw-tab-1
← Playwright [16E435409CFBF47529751B04E9F9021D]: Runtime.evaluate id=41, sessionId=pw-tab-1
← Playwright [16E435409CFBF47529751B04E9F9021D]: Runtime.callFunctionOn id=42, sessionId=pw-tab-1
← Extension: Inspector.detached sessionId=pw-tab-3
→ Playwright [ALL]: Inspector.detached sessionId=pw-tab-3
← Extension: Inspector.detached sessionId=pw-tab-2
→ Playwright [ALL]: Inspector.detached sessionId=pw-tab-2
← Extension: Inspector.detached sessionId=pw-tab-1
→ Playwright [ALL]: Inspector.detached sessionId=pw-tab-1
← Extension: Target.detachedFromTarget targetId=16E435409CFBF47529751B04E9F9021D, sessionId=pw-tab-3
→ Playwright [ALL]: Target.detachedFromTarget targetId=16E435409CFBF47529751B04E9F9021D, sessionId=pw-tab-3
← Extension: Target.detachedFromTarget targetId=E3E15D82C13B4A15D3CF71E44B260036, sessionId=pw-tab-2
→ Playwright [ALL]: Target.detachedFromTarget targetId=E3E15D82C13B4A15D3CF71E44B260036, sessionId=pw-tab-2
← Extension: Target.detachedFromTarget targetId=37BE179F93AF8207BD1E2372B9C515BA, sessionId=pw-tab-1
→ Playwright [ALL]: Target.detachedFromTarget targetId=37BE179F93AF8207BD1E2372B9C515BA, sessionId=pw-tab-1
Extension disconnected
Playwright client disconnected: E3E15D82C13B4A15D3CF71E44B260036 (0 remaining)
Playwright client disconnected: 16E435409CFBF47529751B04E9F9021D (0 remaining)
